INFO: [VRFC 10-2263] Analyzing SystemVerilog file "C:/Users/pine1/Desktop/CS224/Lab5/Lab5.srcs/sources_1/new/pipelined.sv" into library xil_defaultlib
INFO: [VRFC 10-311] analyzing module PipeFtoD
INFO: [VRFC 10-311] analyzing module PipeWtoF
INFO: [VRFC 10-311] analyzing module PipeDtoE
INFO: [VRFC 10-311] analyzing module PipeEtoM
INFO: [VRFC 10-311] analyzing module PipeMtoW
INFO: [VRFC 10-311] analyzing module datapath
INFO: [VRFC 10-2458] undeclared symbol SignImmD_shifted, assumed default net type wire [C:/Users/pine1/Desktop/CS224/Lab5/Lab5.srcs/sources_1/new/pipelined.sv:230]
INFO: [VRFC 10-311] analyzing module HazardUnit
INFO: [VRFC 10-311] analyzing module top_mips
INFO: [VRFC 10-311] analyzing module imem
INFO: [VRFC 10-311] analyzing module controller
INFO: [VRFC 10-311] analyzing module dmem
INFO: [VRFC 10-311] analyzing module maindec
INFO: [VRFC 10-311] analyzing module aludec
INFO: [VRFC 10-311] analyzing module regfile
INFO: [VRFC 10-311] analyzing module alu
INFO: [VRFC 10-311] analyzing module adder
INFO: [VRFC 10-311] analyzing module sl2
INFO: [VRFC 10-311] analyzing module signext
INFO: [VRFC 10-311] analyzing module flopr
INFO: [VRFC 10-311] analyzing module mux2
INFO: [VRFC 10-311] analyzing module mux4
INFO: [VRFC 10-2263] Analyzing SystemVerilog file "C:/Users/pine1/Desktop/CS224/Lab5/Lab5.srcs/sim_1/new/tb.sv" into library xil_defaultlib
INFO: [VRFC 10-311] analyzing module mips_tb
