
*** Running vivado
    with args -log processor.vds -m64 -product Vivado -mode batch -messageDb vivado.pb -notrace -source processor.tcl



****** Vivado v2021.2 (64-bit)
  **** SW Build 3367213 on Tue Oct 19 02:48:09 MDT 2021
  **** IP Build 3369179 on Thu Oct 21 08:25:16 MDT 2021
    ** Copyright 1986-2021 Xilinx, Inc. All Rights Reserved.

source processor.tcl -notrace
Command: read_checkpoint -auto_incremental -incremental C:/Users/pine1/CS223_Project/CS223_Project.srcs/utils_1/imports/synth_1/tb.dcp
INFO: [Vivado 12-5825] Read reference checkpoint from C:/Users/pine1/CS223_Project/CS223_Project.srcs/utils_1/imports/synth_1/tb.dcp for incremental synthesis
INFO: [Vivado 12-7989] Please ensure there are no constraint changes
Command: synth_design -top processor -part xc7a35tcpg236-1
Starting synth_design
Attempting to get a license for feature 'Synthesis' and/or device 'xc7a35t'
INFO: [Common 17-349] Got license for feature 'Synthesis' and/or device 'xc7a35t'
INFO: [Device 21-403] Loading part xc7a35tcpg236-1
WARNING: [Designutils 20-4072] Reference run did not run incremental synthesis because the design is too small; reverting to default synthesis
INFO: [Designutils 20-4379] Flow is switching to default flow due to incremental criteria not met. If you would like to alter this behaviour and have the flow terminate instead, please set the following parameter config_implementation {autoIncr.Synth.RejectBehavior Terminate}
INFO: [Synth 8-7079] Multithreading enabled for synth_design using a maximum of 2 processes.
INFO: [Synth 8-7078] Launching helper process for spawning children vivado processes
INFO: [Synth 8-7075] Helper process launched with PID 2908
---------------------------------------------------------------------------------
Starting RTL Elaboration : Time (s): cpu = 00:00:08 ; elapsed = 00:00:08 . Memory (MB): peak = 1260.910 ; gain = 0.000
---------------------------------------------------------------------------------
INFO: [Synth 8-6157] synthesizing module 'processor' [C:/Users/pine1/CS223_Project/CS223_Project.srcs/sources_1/new/processor.sv:141]
INFO: [Synth 8-6157] synthesizing module 'displayer' [C:/Users/pine1/CS223_Project/CS223_Project.srcs/sources_1/new/processor.sv:4]
INFO: [Synth 8-226] default block is never used [C:/Users/pine1/CS223_Project/CS223_Project.srcs/sources_1/new/processor.sv:22]
INFO: [Synth 8-226] default block is never used [C:/Users/pine1/CS223_Project/CS223_Project.srcs/sources_1/new/processor.sv:56]
INFO: [Synth 8-6155] done synthesizing module 'displayer' (1#1) [C:/Users/pine1/CS223_Project/CS223_Project.srcs/sources_1/new/processor.sv:4]
INFO: [Synth 8-6157] synthesizing module 'register_file' [C:/Users/pine1/CS223_Project/CS223_Project.srcs/sources_1/new/processor.sv:79]
WARNING: [Synth 8-4767] Trying to implement RAM 'mem_reg' in registers. Block RAM or DRAM implementation is not possible; see log for reasons.
Reason is one or more of the following :
	1: Invalid write to RAM. 
	2: Unable to determine number of words or word size in RAM. 
	3: No valid read/write found for RAM. 
RAM "mem_reg" dissolved into registers
INFO: [Synth 8-6155] done synthesizing module 'register_file' (2#1) [C:/Users/pine1/CS223_Project/CS223_Project.srcs/sources_1/new/processor.sv:79]
INFO: [Synth 8-6157] synthesizing module 'IM' [C:/Users/pine1/CS223_Project/CS223_Project.srcs/sources_1/new/processor.sv:99]
INFO: [Synth 8-6155] done synthesizing module 'IM' (3#1) [C:/Users/pine1/CS223_Project/CS223_Project.srcs/sources_1/new/processor.sv:99]
INFO: [Synth 8-6157] synthesizing module 'memory' [C:/Users/pine1/CS223_Project/CS223_Project.srcs/sources_1/new/processor.sv:113]
WARNING: [Synth 8-87] always_comb on 'dout_reg' did not result in combinational logic [C:/Users/pine1/CS223_Project/CS223_Project.srcs/sources_1/new/processor.sv:123]
INFO: [Synth 8-6155] done synthesizing module 'memory' (4#1) [C:/Users/pine1/CS223_Project/CS223_Project.srcs/sources_1/new/processor.sv:113]
INFO: [Synth 8-6157] synthesizing module 'register' [C:/Users/pine1/CS223_Project/CS223_Project.srcs/sources_1/new/processor.sv:128]
INFO: [Synth 8-6155] done synthesizing module 'register' (5#1) [C:/Users/pine1/CS223_Project/CS223_Project.srcs/sources_1/new/processor.sv:128]
INFO: [Synth 8-155] case statement is not full and has no default [C:/Users/pine1/CS223_Project/CS223_Project.srcs/sources_1/new/processor.sv:240]
WARNING: [Synth 8-87] always_comb on 'ir_load_reg' did not result in combinational logic [C:/Users/pine1/CS223_Project/CS223_Project.srcs/sources_1/new/processor.sv:164]
WARNING: [Synth 8-87] always_comb on 'we_rf1_reg' did not result in combinational logic [C:/Users/pine1/CS223_Project/CS223_Project.srcs/sources_1/new/processor.sv:160]
WARNING: [Synth 8-87] always_comb on 'we_rf2_reg' did not result in combinational logic [C:/Users/pine1/CS223_Project/CS223_Project.srcs/sources_1/new/processor.sv:160]
WARNING: [Synth 8-87] always_comb on 'we_im_reg' did not result in combinational logic [C:/Users/pine1/CS223_Project/CS223_Project.srcs/sources_1/new/processor.sv:161]
WARNING: [Synth 8-87] always_comb on 'M_we_reg' did not result in combinational logic [C:/Users/pine1/CS223_Project/CS223_Project.srcs/sources_1/new/processor.sv:162]
WARNING: [Synth 8-87] always_comb on 'M_re_reg' did not result in combinational logic [C:/Users/pine1/CS223_Project/CS223_Project.srcs/sources_1/new/processor.sv:162]
WARNING: [Synth 8-87] always_comb on 'PC_next_reg' did not result in combinational logic [C:/Users/pine1/CS223_Project/CS223_Project.srcs/sources_1/new/processor.sv:244]
WARNING: [Synth 8-87] always_comb on 'x_next_reg' did not result in combinational logic [C:/Users/pine1/CS223_Project/CS223_Project.srcs/sources_1/new/processor.sv:244]
WARNING: [Synth 8-87] always_comb on 'rf_wadd1_reg' did not result in combinational logic [C:/Users/pine1/CS223_Project/CS223_Project.srcs/sources_1/new/processor.sv:160]
WARNING: [Synth 8-87] always_comb on 'rf_wadd2_reg' did not result in combinational logic [C:/Users/pine1/CS223_Project/CS223_Project.srcs/sources_1/new/processor.sv:160]
WARNING: [Synth 8-87] always_comb on 'rf_radd1_reg' did not result in combinational logic [C:/Users/pine1/CS223_Project/CS223_Project.srcs/sources_1/new/processor.sv:160]
WARNING: [Synth 8-87] always_comb on 'rf_radd2_reg' did not result in combinational logic [C:/Users/pine1/CS223_Project/CS223_Project.srcs/sources_1/new/processor.sv:160]
WARNING: [Synth 8-87] always_comb on 'im_wadd_reg' did not result in combinational logic [C:/Users/pine1/CS223_Project/CS223_Project.srcs/sources_1/new/processor.sv:161]
WARNING: [Synth 8-87] always_comb on 'im_radd_reg' did not result in combinational logic [C:/Users/pine1/CS223_Project/CS223_Project.srcs/sources_1/new/processor.sv:161]
WARNING: [Synth 8-87] always_comb on 'rf_din1_reg' did not result in combinational logic [C:/Users/pine1/CS223_Project/CS223_Project.srcs/sources_1/new/processor.sv:160]
WARNING: [Synth 8-87] always_comb on 'rf_din2_reg' did not result in combinational logic [C:/Users/pine1/CS223_Project/CS223_Project.srcs/sources_1/new/processor.sv:160]
WARNING: [Synth 8-87] always_comb on 'M_add_reg' did not result in combinational logic [C:/Users/pine1/CS223_Project/CS223_Project.srcs/sources_1/new/processor.sv:162]
WARNING: [Synth 8-87] always_comb on 'M_wd_reg' did not result in combinational logic [C:/Users/pine1/CS223_Project/CS223_Project.srcs/sources_1/new/processor.sv:162]
WARNING: [Synth 8-87] always_comb on 'ir_in_reg' did not result in combinational logic [C:/Users/pine1/CS223_Project/CS223_Project.srcs/sources_1/new/processor.sv:164]
WARNING: [Synth 8-87] always_comb on 'im_din_reg' did not result in combinational logic [C:/Users/pine1/CS223_Project/CS223_Project.srcs/sources_1/new/processor.sv:161]
WARNING: [Synth 8-87] always_comb on 'digit1_reg' did not result in combinational logic [C:/Users/pine1/CS223_Project/CS223_Project.srcs/sources_1/new/processor.sv:157]
WARNING: [Synth 8-87] always_comb on 'digit2_reg' did not result in combinational logic [C:/Users/pine1/CS223_Project/CS223_Project.srcs/sources_1/new/processor.sv:157]
WARNING: [Synth 8-87] always_comb on 'digit3_reg' did not result in combinational logic [C:/Users/pine1/CS223_Project/CS223_Project.srcs/sources_1/new/processor.sv:157]
WARNING: [Synth 8-87] always_comb on 'digit4_reg' did not result in combinational logic [C:/Users/pine1/CS223_Project/CS223_Project.srcs/sources_1/new/processor.sv:157]
WARNING: [Synth 8-87] always_comb on 'result_reg' did not result in combinational logic [C:/Users/pine1/CS223_Project/CS223_Project.srcs/sources_1/new/processor.sv:248]
WARNING: [Synth 8-87] always_comb on 'result2_reg' did not result in combinational logic [C:/Users/pine1/CS223_Project/CS223_Project.srcs/sources_1/new/processor.sv:248]
INFO: [Synth 8-6155] done synthesizing module 'processor' (6#1) [C:/Users/pine1/CS223_Project/CS223_Project.srcs/sources_1/new/processor.sv:141]
WARNING: [Synth 8-7129] Port clk[3] in module displayer is either unconnected or has no load
WARNING: [Synth 8-7129] Port clk[2] in module displayer is either unconnected or has no load
WARNING: [Synth 8-7129] Port clk[1] in module displayer is either unconnected or has no load
---------------------------------------------------------------------------------
Finished RTL Elaboration : Time (s): cpu = 00:00:09 ; elapsed = 00:00:09 . Memory (MB): peak = 1260.910 ; gain = 0.000
---------------------------------------------------------------------------------
---------------------------------------------------------------------------------
Start Handling Custom Attributes
---------------------------------------------------------------------------------
---------------------------------------------------------------------------------
Finished Handling Custom Attributes : Time (s): cpu = 00:00:10 ; elapsed = 00:00:10 . Memory (MB): peak = 1260.910 ; gain = 0.000
---------------------------------------------------------------------------------
---------------------------------------------------------------------------------
Finished RTL Optimization Phase 1 : Time (s): cpu = 00:00:10 ; elapsed = 00:00:10 . Memory (MB): peak = 1260.910 ; gain = 0.000
---------------------------------------------------------------------------------
Netlist sorting complete. Time (s): cpu = 00:00:00 ; elapsed = 00:00:00.011 . Memory (MB): peak = 1260.910 ; gain = 0.000
INFO: [Project 1-570] Preparing netlist for logic optimization

Processing XDC Constraints
Initializing timing engine
Parsing XDC File [C:/Users/pine1/Desktop/CS223/Basys3.xdc]
Finished Parsing XDC File [C:/Users/pine1/Desktop/CS223/Basys3.xdc]
INFO: [Project 1-236] Implementation specific constraints were found while reading constraint file [C:/Users/pine1/Desktop/CS223/Basys3.xdc]. These constraints will be ignored for synthesis but will be used in implementation. Impacted constraints are listed in the file [.Xil/processor_propImpl.xdc].
Resolution: To avoid this warning, move constraints listed in [.Xil/processor_propImpl.xdc] to another XDC file and exclude this new file from synthesis with the used_in_synthesis property (File Properties dialog in GUI) and re-run elaboration/synthesis.
Completed Processing XDC Constraints

Netlist sorting complete. Time (s): cpu = 00:00:00 ; elapsed = 00:00:00 . Memory (MB): peak = 1260.910 ; gain = 0.000
INFO: [Project 1-111] Unisim Transformation Summary:
No Unisim elements were transformed.

Constraint Validation Runtime : Time (s): cpu = 00:00:00 ; elapsed = 00:00:00.004 . Memory (MB): peak = 1260.910 ; gain = 0.000
WARNING: [Designutils 20-4072] Reference run did not run incremental synthesis because the design is too small; reverting to default synthesis
INFO: [Designutils 20-4379] Flow is switching to default flow due to incremental criteria not met. If you would like to alter this behaviour and have the flow terminate instead, please set the following parameter config_implementation {autoIncr.Synth.RejectBehavior Terminate}
---------------------------------------------------------------------------------
Finished Constraint Validation : Time (s): cpu = 00:00:19 ; elapsed = 00:00:19 . Memory (MB): peak = 1260.910 ; gain = 0.000
---------------------------------------------------------------------------------
---------------------------------------------------------------------------------
Start Loading Part and Timing Information
---------------------------------------------------------------------------------
Loading part: xc7a35tcpg236-1
---------------------------------------------------------------------------------
Finished Loading Part and Timing Information : Time (s): cpu = 00:00:19 ; elapsed = 00:00:19 . Memory (MB): peak = 1260.910 ; gain = 0.000
---------------------------------------------------------------------------------
---------------------------------------------------------------------------------
Start Applying 'set_property' XDC Constraints
---------------------------------------------------------------------------------
---------------------------------------------------------------------------------
Finished applying 'set_property' XDC Constraints : Time (s): cpu = 00:00:19 ; elapsed = 00:00:19 . Memory (MB): peak = 1260.910 ; gain = 0.000
---------------------------------------------------------------------------------
WARNING: [Synth 8-327] inferring latch for variable 'dout_reg' [C:/Users/pine1/CS223_Project/CS223_Project.srcs/sources_1/new/processor.sv:123]
WARNING: [Synth 8-327] inferring latch for variable 'x_next_reg' [C:/Users/pine1/CS223_Project/CS223_Project.srcs/sources_1/new/processor.sv:244]
WARNING: [Synth 8-327] inferring latch for variable 'PC_next_reg' [C:/Users/pine1/CS223_Project/CS223_Project.srcs/sources_1/new/processor.sv:244]
WARNING: [Synth 8-327] inferring latch for variable 'digit1_reg' [C:/Users/pine1/CS223_Project/CS223_Project.srcs/sources_1/new/processor.sv:157]
WARNING: [Synth 8-327] inferring latch for variable 'digit2_reg' [C:/Users/pine1/CS223_Project/CS223_Project.srcs/sources_1/new/processor.sv:157]
WARNING: [Synth 8-327] inferring latch for variable 'digit3_reg' [C:/Users/pine1/CS223_Project/CS223_Project.srcs/sources_1/new/processor.sv:157]
WARNING: [Synth 8-327] inferring latch for variable 'digit4_reg' [C:/Users/pine1/CS223_Project/CS223_Project.srcs/sources_1/new/processor.sv:157]
WARNING: [Synth 8-327] inferring latch for variable 'ir_in_reg' [C:/Users/pine1/CS223_Project/CS223_Project.srcs/sources_1/new/processor.sv:164]
WARNING: [Synth 8-327] inferring latch for variable 'ir_load_reg' [C:/Users/pine1/CS223_Project/CS223_Project.srcs/sources_1/new/processor.sv:164]
WARNING: [Synth 8-327] inferring latch for variable 'result2_reg' [C:/Users/pine1/CS223_Project/CS223_Project.srcs/sources_1/new/processor.sv:248]
WARNING: [Synth 8-327] inferring latch for variable 'result_reg' [C:/Users/pine1/CS223_Project/CS223_Project.srcs/sources_1/new/processor.sv:248]
WARNING: [Synth 8-327] inferring latch for variable 'we_rf1_reg' [C:/Users/pine1/CS223_Project/CS223_Project.srcs/sources_1/new/processor.sv:160]
WARNING: [Synth 8-327] inferring latch for variable 'we_rf2_reg' [C:/Users/pine1/CS223_Project/CS223_Project.srcs/sources_1/new/processor.sv:160]
WARNING: [Synth 8-327] inferring latch for variable 'rf_wadd1_reg' [C:/Users/pine1/CS223_Project/CS223_Project.srcs/sources_1/new/processor.sv:160]
WARNING: [Synth 8-327] inferring latch for variable 'rf_wadd2_reg' [C:/Users/pine1/CS223_Project/CS223_Project.srcs/sources_1/new/processor.sv:160]
WARNING: [Synth 8-327] inferring latch for variable 'rf_radd1_reg' [C:/Users/pine1/CS223_Project/CS223_Project.srcs/sources_1/new/processor.sv:160]
WARNING: [Synth 8-327] inferring latch for variable 'rf_radd2_reg' [C:/Users/pine1/CS223_Project/CS223_Project.srcs/sources_1/new/processor.sv:160]
WARNING: [Synth 8-327] inferring latch for variable 'rf_din1_reg' [C:/Users/pine1/CS223_Project/CS223_Project.srcs/sources_1/new/processor.sv:160]
WARNING: [Synth 8-327] inferring latch for variable 'rf_din2_reg' [C:/Users/pine1/CS223_Project/CS223_Project.srcs/sources_1/new/processor.sv:160]
WARNING: [Synth 8-327] inferring latch for variable 'we_im_reg' [C:/Users/pine1/CS223_Project/CS223_Project.srcs/sources_1/new/processor.sv:161]
WARNING: [Synth 8-327] inferring latch for variable 'im_wadd_reg' [C:/Users/pine1/CS223_Project/CS223_Project.srcs/sources_1/new/processor.sv:161]
WARNING: [Synth 8-327] inferring latch for variable 'im_radd_reg' [C:/Users/pine1/CS223_Project/CS223_Project.srcs/sources_1/new/processor.sv:161]
WARNING: [Synth 8-327] inferring latch for variable 'im_din_reg' [C:/Users/pine1/CS223_Project/CS223_Project.srcs/sources_1/new/processor.sv:161]
WARNING: [Synth 8-327] inferring latch for variable 'M_we_reg' [C:/Users/pine1/CS223_Project/CS223_Project.srcs/sources_1/new/processor.sv:162]
WARNING: [Synth 8-327] inferring latch for variable 'M_re_reg' [C:/Users/pine1/CS223_Project/CS223_Project.srcs/sources_1/new/processor.sv:162]
WARNING: [Synth 8-327] inferring latch for variable 'M_add_reg' [C:/Users/pine1/CS223_Project/CS223_Project.srcs/sources_1/new/processor.sv:162]
WARNING: [Synth 8-327] inferring latch for variable 'M_wd_reg' [C:/Users/pine1/CS223_Project/CS223_Project.srcs/sources_1/new/processor.sv:162]
---------------------------------------------------------------------------------
Finished RTL Optimization Phase 2 : Time (s): cpu = 00:00:19 ; elapsed = 00:00:20 . Memory (MB): peak = 1260.910 ; gain = 0.000
---------------------------------------------------------------------------------
---------------------------------------------------------------------------------
Start RTL Component Statistics 
---------------------------------------------------------------------------------
Detailed RTL Component Info : 
+---Adders : 
	   3 Input    4 Bit       Adders := 1     
	   2 Input    4 Bit       Adders := 1     
	   2 Input    3 Bit       Adders := 3     
+---Registers : 
	               12 Bit    Registers := 1     
	                5 Bit    Registers := 1     
	                4 Bit    Registers := 8     
	                3 Bit    Registers := 2     
+---Muxes : 
	   4 Input   32 Bit        Muxes := 1     
	  19 Input   12 Bit        Muxes := 1     
	   5 Input    5 Bit        Muxes := 1     
	   3 Input    5 Bit        Muxes := 1     
	  20 Input    5 Bit        Muxes := 1     
	   4 Input    4 Bit        Muxes := 3     
	   2 Input    4 Bit        Muxes := 26    
	  19 Input    4 Bit        Muxes := 8     
	   5 Input    3 Bit        Muxes := 1     
	  19 Input    3 Bit        Muxes := 6     
	   2 Input    3 Bit        Muxes := 1     
	   2 Input    1 Bit        Muxes := 1     
	   4 Input    1 Bit        Muxes := 1     
	  19 Input    1 Bit        Muxes := 14    
---------------------------------------------------------------------------------
Finished RTL Component Statistics 
---------------------------------------------------------------------------------
---------------------------------------------------------------------------------
Start Part Resource Summary
---------------------------------------------------------------------------------
Part Resources:
DSPs: 90 (col length:60)
BRAMs: 100 (col length: RAMB18 60 RAMB36 30)
---------------------------------------------------------------------------------
Finished Part Resource Summary
---------------------------------------------------------------------------------
---------------------------------------------------------------------------------
Start Cross Boundary and Area Optimization
---------------------------------------------------------------------------------
WARNING: [Synth 8-7080] Parallel synthesis criteria is not met
---------------------------------------------------------------------------------
Finished Cross Boundary and Area Optimization : Time (s): cpu = 00:00:28 ; elapsed = 00:00:29 . Memory (MB): peak = 1260.910 ; gain = 0.000
---------------------------------------------------------------------------------
---------------------------------------------------------------------------------
Start ROM, RAM, DSP, Shift Register and Retiming Reporting
---------------------------------------------------------------------------------

ROM: Preliminary Mapping Report
+------------+------------+---------------+----------------+
|Module Name | RTL Object | Depth x Width | Implemented As | 
+------------+------------+---------------+----------------+
|processor   | ir_load    | 32x1          | LUT            | 
|processor   | result     | 32x1          | LUT            | 
|processor   | we_rf1     | 32x1          | LUT            | 
|processor   | rf_wadd1   | 32x1          | LUT            | 
|processor   | rf_radd1   | 32x1          | LUT            | 
|processor   | rf_radd2   | 32x1          | LUT            | 
|processor   | ir_load    | 32x1          | LUT            | 
|processor   | result     | 32x1          | LUT            | 
|processor   | we_rf1     | 32x1          | LUT            | 
|processor   | rf_wadd1   | 32x1          | LUT            | 
|processor   | rf_radd1   | 32x1          | LUT            | 
|processor   | rf_radd2   | 32x1          | LUT            | 
+------------+------------+---------------+----------------+


Distributed RAM: Preliminary Mapping Report (see note below)
+------------+----------------+-----------+----------------------+---------------+
|Module Name | RTL Object     | Inference | Size (Depth x Width) | Primitives    | 
+------------+----------------+-----------+----------------------+---------------+
|processor   | M/mem_reg      | Implied   | 16 x 4               | RAM16X1S x 4  | 
|processor   | insmem/mem_reg | Implied   | 8 x 12               | RAM32M x 2    | 
+------------+----------------+-----------+----------------------+---------------+

Note: The table above is a preliminary report that shows the Distributed RAMs at the current stage of the synthesis flow. Some Distributed RAMs may be reimplemented as non Distributed RAM primitives later in the synthesis flow. Multiple instantiated RAMs are reported only once.
---------------------------------------------------------------------------------
Finished ROM, RAM, DSP, Shift Register and Retiming Reporting
---------------------------------------------------------------------------------
---------------------------------------------------------------------------------
Start Applying XDC Timing Constraints
---------------------------------------------------------------------------------
---------------------------------------------------------------------------------
Finished Applying XDC Timing Constraints : Time (s): cpu = 00:00:36 ; elapsed = 00:00:37 . Memory (MB): peak = 1260.910 ; gain = 0.000
---------------------------------------------------------------------------------
---------------------------------------------------------------------------------
Start Timing Optimization
---------------------------------------------------------------------------------
---------------------------------------------------------------------------------
Finished Timing Optimization : Time (s): cpu = 00:00:36 ; elapsed = 00:00:37 . Memory (MB): peak = 1260.910 ; gain = 0.000
---------------------------------------------------------------------------------
---------------------------------------------------------------------------------
Start ROM, RAM, DSP, Shift Register and Retiming Reporting
---------------------------------------------------------------------------------

Distributed RAM: Final Mapping Report
+------------+----------------+-----------+----------------------+---------------+
|Module Name | RTL Object     | Inference | Size (Depth x Width) | Primitives    | 
+------------+----------------+-----------+----------------------+---------------+
|processor   | M/mem_reg      | Implied   | 16 x 4               | RAM16X1S x 4  | 
|processor   | insmem/mem_reg | Implied   | 8 x 12               | RAM32M x 2    | 
+------------+----------------+-----------+----------------------+---------------+

---------------------------------------------------------------------------------
Finished ROM, RAM, DSP, Shift Register and Retiming Reporting
---------------------------------------------------------------------------------
---------------------------------------------------------------------------------
Start Technology Mapping
---------------------------------------------------------------------------------
---------------------------------------------------------------------------------
Finished Technology Mapping : Time (s): cpu = 00:00:36 ; elapsed = 00:00:37 . Memory (MB): peak = 1260.910 ; gain = 0.000
---------------------------------------------------------------------------------
---------------------------------------------------------------------------------
Start IO Insertion
---------------------------------------------------------------------------------
---------------------------------------------------------------------------------
Start Flattening Before IO Insertion
---------------------------------------------------------------------------------
---------------------------------------------------------------------------------
Finished Flattening Before IO Insertion
---------------------------------------------------------------------------------
---------------------------------------------------------------------------------
Start Final Netlist Cleanup
---------------------------------------------------------------------------------
---------------------------------------------------------------------------------
Finished Final Netlist Cleanup
---------------------------------------------------------------------------------
---------------------------------------------------------------------------------
Finished IO Insertion : Time (s): cpu = 00:00:43 ; elapsed = 00:00:44 . Memory (MB): peak = 1260.910 ; gain = 0.000
---------------------------------------------------------------------------------
---------------------------------------------------------------------------------
Start Renaming Generated Instances
---------------------------------------------------------------------------------
---------------------------------------------------------------------------------
Finished Renaming Generated Instances : Time (s): cpu = 00:00:43 ; elapsed = 00:00:44 . Memory (MB): peak = 1260.910 ; gain = 0.000
---------------------------------------------------------------------------------
---------------------------------------------------------------------------------
Start Rebuilding User Hierarchy
---------------------------------------------------------------------------------
---------------------------------------------------------------------------------
Finished Rebuilding User Hierarchy : Time (s): cpu = 00:00:43 ; elapsed = 00:00:44 . Memory (MB): peak = 1260.910 ; gain = 0.000
---------------------------------------------------------------------------------
---------------------------------------------------------------------------------
Start Renaming Generated Ports
---------------------------------------------------------------------------------
---------------------------------------------------------------------------------
Finished Renaming Generated Ports : Time (s): cpu = 00:00:43 ; elapsed = 00:00:44 . Memory (MB): peak = 1260.910 ; gain = 0.000
---------------------------------------------------------------------------------
---------------------------------------------------------------------------------
Start Handling Custom Attributes
---------------------------------------------------------------------------------
---------------------------------------------------------------------------------
Finished Handling Custom Attributes : Time (s): cpu = 00:00:43 ; elapsed = 00:00:44 . Memory (MB): peak = 1260.910 ; gain = 0.000
---------------------------------------------------------------------------------
---------------------------------------------------------------------------------
Start Renaming Generated Nets
---------------------------------------------------------------------------------
---------------------------------------------------------------------------------
Finished Renaming Generated Nets : Time (s): cpu = 00:00:43 ; elapsed = 00:00:44 . Memory (MB): peak = 1260.910 ; gain = 0.000
---------------------------------------------------------------------------------
---------------------------------------------------------------------------------
Start Writing Synthesis Report
---------------------------------------------------------------------------------

Report BlackBoxes: 
+-+--------------+----------+
| |BlackBox name |Instances |
+-+--------------+----------+
+-+--------------+----------+

Report Cell Usage: 
+------+---------+------+
|      |Cell     |Count |
+------+---------+------+
|1     |BUFG     |     1|
|2     |CARRY4   |     6|
|3     |LUT1     |     1|
|4     |LUT2     |    73|
|5     |LUT3     |    30|
|6     |LUT4     |    33|
|7     |LUT5     |    68|
|8     |LUT6     |   100|
|9     |MUXF7    |     7|
|10    |RAM16X1S |     4|
|11    |RAM32M   |     2|
|12    |FDRE     |    75|
|13    |LD       |    98|
|14    |IBUF     |    22|
|15    |OBUF     |    22|
+------+---------+------+
---------------------------------------------------------------------------------
Finished Writing Synthesis Report : Time (s): cpu = 00:00:43 ; elapsed = 00:00:44 . Memory (MB): peak = 1260.910 ; gain = 0.000
---------------------------------------------------------------------------------
Synthesis finished with 0 errors, 0 critical warnings and 28 warnings.
Synthesis Optimization Runtime : Time (s): cpu = 00:00:31 ; elapsed = 00:00:42 . Memory (MB): peak = 1260.910 ; gain = 0.000
Synthesis Optimization Complete : Time (s): cpu = 00:00:43 ; elapsed = 00:00:44 . Memory (MB): peak = 1260.910 ; gain = 0.000
INFO: [Project 1-571] Translating synthesized netlist
Netlist sorting complete. Time (s): cpu = 00:00:00 ; elapsed = 00:00:00.011 . Memory (MB): peak = 1260.910 ; gain = 0.000
INFO: [Netlist 29-17] Analyzing 117 Unisim elements for replacement
INFO: [Netlist 29-28] Unisim Transformation completed in 0 CPU seconds
INFO: [Project 1-570] Preparing netlist for logic optimization
INFO: [Opt 31-138] Pushed 0 inverter(s) to 0 load pin(s).
Netlist sorting complete. Time (s): cpu = 00:00:00 ; elapsed = 00:00:00 . Memory (MB): peak = 1260.910 ; gain = 0.000
INFO: [Project 1-111] Unisim Transformation Summary:
  A total of 104 instances were transformed.
  LD => LDCE: 98 instances
  RAM16X1S => RAM32X1S (RAMS32): 4 instances
  RAM32M => RAM32M (RAMD32(x6), RAMS32(x2)): 2 instances

Synth Design complete, checksum: 5c047ab3
INFO: [Common 17-83] Releasing license: Synthesis
34 Infos, 61 Warnings, 0 Critical Warnings and 0 Errors encountered.
synth_design completed successfully
synth_design: Time (s): cpu = 00:00:49 ; elapsed = 00:00:50 . Memory (MB): peak = 1260.910 ; gain = 0.000
INFO: [Common 17-1381] The checkpoint 'C:/Users/pine1/CS223_Project/CS223_Project.runs/synth_1/processor.dcp' has been generated.
INFO: [runtcl-4] Executing : report_utilization -file processor_utilization_synth.rpt -pb processor_utilization_synth.pb
INFO: [Common 17-206] Exiting Vivado at Thu May 12 17:06:04 2022...
