
*** Running vivado
    with args -log top.vds -m64 -product Vivado -mode batch -messageDb vivado.pb -notrace -source top.tcl



****** Vivado v2021.2 (64-bit)
  **** SW Build 3367213 on Tue Oct 19 02:48:09 MDT 2021
  **** IP Build 3369179 on Thu Oct 21 08:25:16 MDT 2021
    ** Copyright 1986-2021 Xilinx, Inc. All Rights Reserved.

source top.tcl -notrace
Command: read_checkpoint -auto_incremental -incremental C:/Users/pine1/Desktop/CS224/Lab4/Lab4.srcs/utils_1/imports/synth_1/top.dcp
INFO: [Vivado 12-5825] Read reference checkpoint from C:/Users/pine1/Desktop/CS224/Lab4/Lab4.srcs/utils_1/imports/synth_1/top.dcp for incremental synthesis
INFO: [Vivado 12-7989] Please ensure there are no constraint changes
Command: synth_design -top top -part xc7a35tcsg324-3
Starting synth_design
Attempting to get a license for feature 'Synthesis' and/or device 'xc7a35t'
INFO: [Common 17-349] Got license for feature 'Synthesis' and/or device 'xc7a35t'
WARNING: [Designutils 20-4072] Reference run did not run incremental synthesis because the design is too small; reverting to default synthesis
INFO: [Designutils 20-4379] Flow is switching to default flow due to incremental criteria not met. If you would like to alter this behaviour and have the flow terminate instead, please set the following parameter config_implementation {autoIncr.Synth.RejectBehavior Terminate}
INFO: [Synth 8-7079] Multithreading enabled for synth_design using a maximum of 2 processes.
INFO: [Synth 8-7078] Launching helper process for spawning children vivado processes
INFO: [Synth 8-7075] Helper process launched with PID 10080
---------------------------------------------------------------------------------
Starting Synthesize : Time (s): cpu = 00:00:06 ; elapsed = 00:00:06 . Memory (MB): peak = 1260.418 ; gain = 0.000
---------------------------------------------------------------------------------
INFO: [Synth 8-6157] synthesizing module 'top' [C:/Users/pine1/Desktop/CS224/Lab4/Lab4.srcs/sources_1/new/mips.sv:6]
INFO: [Synth 8-6157] synthesizing module 'mips' [C:/Users/pine1/Desktop/CS224/Lab4/Lab4.srcs/sources_1/new/mips.sv:84]
INFO: [Synth 8-6157] synthesizing module 'controller' [C:/Users/pine1/Desktop/CS224/Lab4/Lab4.srcs/sources_1/new/mips.sv:101]
INFO: [Synth 8-6157] synthesizing module 'maindec' [C:/Users/pine1/Desktop/CS224/Lab4/Lab4.srcs/sources_1/new/mips.sv:121]
INFO: [Synth 8-6155] done synthesizing module 'maindec' (1#1) [C:/Users/pine1/Desktop/CS224/Lab4/Lab4.srcs/sources_1/new/mips.sv:121]
INFO: [Synth 8-6157] synthesizing module 'aludec' [C:/Users/pine1/Desktop/CS224/Lab4/Lab4.srcs/sources_1/new/mips.sv:145]
INFO: [Synth 8-6155] done synthesizing module 'aludec' (2#1) [C:/Users/pine1/Desktop/CS224/Lab4/Lab4.srcs/sources_1/new/mips.sv:145]
INFO: [Synth 8-6155] done synthesizing module 'controller' (3#1) [C:/Users/pine1/Desktop/CS224/Lab4/Lab4.srcs/sources_1/new/mips.sv:101]
INFO: [Synth 8-6157] synthesizing module 'datapath' [C:/Users/pine1/Desktop/CS224/Lab4/Lab4.srcs/sources_1/new/mips.sv:163]
INFO: [Synth 8-6157] synthesizing module 'flopr' [C:/Users/pine1/Desktop/CS224/Lab4/Lab4.srcs/sources_1/new/mips.sv:262]
	Parameter WIDTH bound to: 32 - type: integer 
INFO: [Synth 8-6155] done synthesizing module 'flopr' (4#1) [C:/Users/pine1/Desktop/CS224/Lab4/Lab4.srcs/sources_1/new/mips.sv:262]
INFO: [Synth 8-6157] synthesizing module 'adder' [C:/Users/pine1/Desktop/CS224/Lab4/Lab4.srcs/sources_1/new/mips.sv:243]
INFO: [Synth 8-6155] done synthesizing module 'adder' (5#1) [C:/Users/pine1/Desktop/CS224/Lab4/Lab4.srcs/sources_1/new/mips.sv:243]
INFO: [Synth 8-6157] synthesizing module 'sl2' [C:/Users/pine1/Desktop/CS224/Lab4/Lab4.srcs/sources_1/new/mips.sv:249]
INFO: [Synth 8-6155] done synthesizing module 'sl2' (6#1) [C:/Users/pine1/Desktop/CS224/Lab4/Lab4.srcs/sources_1/new/mips.sv:249]
INFO: [Synth 8-6157] synthesizing module 'mux2' [C:/Users/pine1/Desktop/CS224/Lab4/Lab4.srcs/sources_1/new/mips.sv:274]
	Parameter WIDTH bound to: 32 - type: integer 
INFO: [Synth 8-6155] done synthesizing module 'mux2' (7#1) [C:/Users/pine1/Desktop/CS224/Lab4/Lab4.srcs/sources_1/new/mips.sv:274]
INFO: [Synth 8-6157] synthesizing module 'regfile' [C:/Users/pine1/Desktop/CS224/Lab4/Lab4.srcs/sources_1/new/mips.sv:203]
INFO: [Synth 8-6155] done synthesizing module 'regfile' (8#1) [C:/Users/pine1/Desktop/CS224/Lab4/Lab4.srcs/sources_1/new/mips.sv:203]
INFO: [Synth 8-6157] synthesizing module 'mux2__parameterized0' [C:/Users/pine1/Desktop/CS224/Lab4/Lab4.srcs/sources_1/new/mips.sv:274]
	Parameter WIDTH bound to: 5 - type: integer 
INFO: [Synth 8-6155] done synthesizing module 'mux2__parameterized0' (8#1) [C:/Users/pine1/Desktop/CS224/Lab4/Lab4.srcs/sources_1/new/mips.sv:274]
INFO: [Synth 8-6157] synthesizing module 'signext' [C:/Users/pine1/Desktop/CS224/Lab4/Lab4.srcs/sources_1/new/mips.sv:255]
INFO: [Synth 8-6155] done synthesizing module 'signext' (9#1) [C:/Users/pine1/Desktop/CS224/Lab4/Lab4.srcs/sources_1/new/mips.sv:255]
INFO: [Synth 8-6157] synthesizing module 'alu' [C:/Users/pine1/Desktop/CS224/Lab4/Lab4.srcs/sources_1/new/mips.sv:223]
INFO: [Synth 8-6155] done synthesizing module 'alu' (10#1) [C:/Users/pine1/Desktop/CS224/Lab4/Lab4.srcs/sources_1/new/mips.sv:223]
INFO: [Synth 8-6155] done synthesizing module 'datapath' (11#1) [C:/Users/pine1/Desktop/CS224/Lab4/Lab4.srcs/sources_1/new/mips.sv:163]
INFO: [Synth 8-6155] done synthesizing module 'mips' (12#1) [C:/Users/pine1/Desktop/CS224/Lab4/Lab4.srcs/sources_1/new/mips.sv:84]
INFO: [Synth 8-6157] synthesizing module 'imem' [C:/Users/pine1/Desktop/CS224/Lab4/Lab4.srcs/sources_1/new/mips.sv:43]
INFO: [Synth 8-6155] done synthesizing module 'imem' (13#1) [C:/Users/pine1/Desktop/CS224/Lab4/Lab4.srcs/sources_1/new/mips.sv:43]
INFO: [Synth 8-6157] synthesizing module 'dmem' [C:/Users/pine1/Desktop/CS224/Lab4/Lab4.srcs/sources_1/new/mips.sv:22]
INFO: [Synth 8-6155] done synthesizing module 'dmem' (14#1) [C:/Users/pine1/Desktop/CS224/Lab4/Lab4.srcs/sources_1/new/mips.sv:22]
INFO: [Synth 8-6155] done synthesizing module 'top' (15#1) [C:/Users/pine1/Desktop/CS224/Lab4/Lab4.srcs/sources_1/new/mips.sv:6]
WARNING: [Synth 8-7129] Port a[31] in module dmem is either unconnected or has no load
WARNING: [Synth 8-7129] Port a[30] in module dmem is either unconnected or has no load
WARNING: [Synth 8-7129] Port a[29] in module dmem is either unconnected or has no load
WARNING: [Synth 8-7129] Port a[28] in module dmem is either unconnected or has no load
WARNING: [Synth 8-7129] Port a[27] in module dmem is either unconnected or has no load
WARNING: [Synth 8-7129] Port a[26] in module dmem is either unconnected or has no load
WARNING: [Synth 8-7129] Port a[25] in module dmem is either unconnected or has no load
WARNING: [Synth 8-7129] Port a[24] in module dmem is either unconnected or has no load
WARNING: [Synth 8-7129] Port a[23] in module dmem is either unconnected or has no load
WARNING: [Synth 8-7129] Port a[22] in module dmem is either unconnected or has no load
WARNING: [Synth 8-7129] Port a[21] in module dmem is either unconnected or has no load
WARNING: [Synth 8-7129] Port a[20] in module dmem is either unconnected or has no load
WARNING: [Synth 8-7129] Port a[19] in module dmem is either unconnected or has no load
WARNING: [Synth 8-7129] Port a[18] in module dmem is either unconnected or has no load
WARNING: [Synth 8-7129] Port a[17] in module dmem is either unconnected or has no load
WARNING: [Synth 8-7129] Port a[16] in module dmem is either unconnected or has no load
WARNING: [Synth 8-7129] Port a[15] in module dmem is either unconnected or has no load
WARNING: [Synth 8-7129] Port a[14] in module dmem is either unconnected or has no load
WARNING: [Synth 8-7129] Port a[13] in module dmem is either unconnected or has no load
WARNING: [Synth 8-7129] Port a[12] in module dmem is either unconnected or has no load
WARNING: [Synth 8-7129] Port a[11] in module dmem is either unconnected or has no load
WARNING: [Synth 8-7129] Port a[10] in module dmem is either unconnected or has no load
WARNING: [Synth 8-7129] Port a[9] in module dmem is either unconnected or has no load
WARNING: [Synth 8-7129] Port a[8] in module dmem is either unconnected or has no load
WARNING: [Synth 8-7129] Port a[1] in module dmem is either unconnected or has no load
WARNING: [Synth 8-7129] Port a[0] in module dmem is either unconnected or has no load
WARNING: [Synth 8-7129] Port a[31] in module sl2 is either unconnected or has no load
WARNING: [Synth 8-7129] Port a[30] in module sl2 is either unconnected or has no load
WARNING: [Synth 8-7129] Port instr[31] in module datapath is either unconnected or has no load
WARNING: [Synth 8-7129] Port instr[30] in module datapath is either unconnected or has no load
WARNING: [Synth 8-7129] Port instr[29] in module datapath is either unconnected or has no load
WARNING: [Synth 8-7129] Port instr[28] in module datapath is either unconnected or has no load
WARNING: [Synth 8-7129] Port instr[27] in module datapath is either unconnected or has no load
WARNING: [Synth 8-7129] Port instr[26] in module datapath is either unconnected or has no load
---------------------------------------------------------------------------------
Finished Synthesize : Time (s): cpu = 00:00:07 ; elapsed = 00:00:07 . Memory (MB): peak = 1260.418 ; gain = 0.000
---------------------------------------------------------------------------------
---------------------------------------------------------------------------------
Finished Constraint Validation : Time (s): cpu = 00:00:08 ; elapsed = 00:00:08 . Memory (MB): peak = 1260.418 ; gain = 0.000
---------------------------------------------------------------------------------
---------------------------------------------------------------------------------
Start Loading Part and Timing Information
---------------------------------------------------------------------------------
Loading part: xc7a35tcsg324-3
---------------------------------------------------------------------------------
Finished Loading Part and Timing Information : Time (s): cpu = 00:00:08 ; elapsed = 00:00:08 . Memory (MB): peak = 1260.418 ; gain = 0.000
---------------------------------------------------------------------------------
INFO: [Device 21-403] Loading part xc7a35tcsg324-3
---------------------------------------------------------------------------------
Finished RTL Optimization Phase 2 : Time (s): cpu = 00:00:08 ; elapsed = 00:00:08 . Memory (MB): peak = 1260.418 ; gain = 0.000
---------------------------------------------------------------------------------
No constraint files found.
---------------------------------------------------------------------------------
Start RTL Component Statistics 
---------------------------------------------------------------------------------
Detailed RTL Component Info : 
+---Adders : 
	   2 Input   32 Bit       Adders := 3     
	   3 Input   32 Bit       Adders := 1     
+---Registers : 
	               32 Bit    Registers := 1     
+---Muxes : 
	   2 Input   32 Bit        Muxes := 7     
	  27 Input   32 Bit        Muxes := 1     
	   9 Input    9 Bit        Muxes := 1     
	   2 Input    5 Bit        Muxes := 1     
	   8 Input    3 Bit        Muxes := 1     
---------------------------------------------------------------------------------
Finished RTL Component Statistics 
---------------------------------------------------------------------------------
---------------------------------------------------------------------------------
Start Part Resource Summary
---------------------------------------------------------------------------------
Part Resources:
DSPs: 90 (col length:60)
BRAMs: 100 (col length: RAMB18 60 RAMB36 30)
---------------------------------------------------------------------------------
Finished Part Resource Summary
---------------------------------------------------------------------------------
No constraint files found.
---------------------------------------------------------------------------------
Start Cross Boundary and Area Optimization
---------------------------------------------------------------------------------
WARNING: [Synth 8-7080] Parallel synthesis criteria is not met
WARNING: [Synth 8-3917] design top has port instr[30] driven by constant 0
WARNING: [Synth 8-3917] design top has port instr[25] driven by constant 0
WARNING: [Synth 8-3917] design top has port instr[20] driven by constant 0
---------------------------------------------------------------------------------
Finished Cross Boundary and Area Optimization : Time (s): cpu = 00:00:19 ; elapsed = 00:00:20 . Memory (MB): peak = 1260.418 ; gain = 0.000
---------------------------------------------------------------------------------
---------------------------------------------------------------------------------
Start ROM, RAM, DSP, Shift Register and Retiming Reporting
---------------------------------------------------------------------------------

Distributed RAM: Preliminary Mapping Report (see note below)
+------------+-------------------+-----------+----------------------+----------------+
|Module Name | RTL Object        | Inference | Size (Depth x Width) | Primitives     | 
+------------+-------------------+-----------+----------------------+----------------+
|top         | mips/dp/rf/rf_reg | Implied   | 32 x 32              | RAM32M x 12    | 
|top         | dmem/RAM_reg      | Implied   | 64 x 32              | RAM64X1S x 32  | 
+------------+-------------------+-----------+----------------------+----------------+

Note: The table above is a preliminary report that shows the Distributed RAMs at the current stage of the synthesis flow. Some Distributed RAMs may be reimplemented as non Distributed RAM primitives later in the synthesis flow. Multiple instantiated RAMs are reported only once.
---------------------------------------------------------------------------------
Finished ROM, RAM, DSP, Shift Register and Retiming Reporting
---------------------------------------------------------------------------------
No constraint files found.
---------------------------------------------------------------------------------
Start Timing Optimization
---------------------------------------------------------------------------------
---------------------------------------------------------------------------------
Finished Timing Optimization : Time (s): cpu = 00:00:19 ; elapsed = 00:00:20 . Memory (MB): peak = 1260.418 ; gain = 0.000
---------------------------------------------------------------------------------
---------------------------------------------------------------------------------
Start ROM, RAM, DSP, Shift Register and Retiming Reporting
---------------------------------------------------------------------------------

Distributed RAM: Final Mapping Report
+------------+-------------------+-----------+----------------------+----------------+
|Module Name | RTL Object        | Inference | Size (Depth x Width) | Primitives     | 
+------------+-------------------+-----------+----------------------+----------------+
|top         | mips/dp/rf/rf_reg | Implied   | 32 x 32              | RAM32M x 12    | 
|top         | dmem/RAM_reg      | Implied   | 64 x 32              | RAM64X1S x 32  | 
+------------+-------------------+-----------+----------------------+----------------+

---------------------------------------------------------------------------------
Finished ROM, RAM, DSP, Shift Register and Retiming Reporting
---------------------------------------------------------------------------------
---------------------------------------------------------------------------------
Start Technology Mapping
---------------------------------------------------------------------------------
---------------------------------------------------------------------------------
Finished Technology Mapping : Time (s): cpu = 00:00:20 ; elapsed = 00:00:20 . Memory (MB): peak = 1260.418 ; gain = 0.000
---------------------------------------------------------------------------------
---------------------------------------------------------------------------------
Start IO Insertion
---------------------------------------------------------------------------------
---------------------------------------------------------------------------------
Start Flattening Before IO Insertion
---------------------------------------------------------------------------------
---------------------------------------------------------------------------------
Finished Flattening Before IO Insertion
---------------------------------------------------------------------------------
---------------------------------------------------------------------------------
Start Final Netlist Cleanup
---------------------------------------------------------------------------------
---------------------------------------------------------------------------------
Finished Final Netlist Cleanup
---------------------------------------------------------------------------------
---------------------------------------------------------------------------------
Finished IO Insertion : Time (s): cpu = 00:00:25 ; elapsed = 00:00:26 . Memory (MB): peak = 1260.418 ; gain = 0.000
---------------------------------------------------------------------------------
---------------------------------------------------------------------------------
Start Renaming Generated Instances
---------------------------------------------------------------------------------
---------------------------------------------------------------------------------
Finished Renaming Generated Instances : Time (s): cpu = 00:00:25 ; elapsed = 00:00:26 . Memory (MB): peak = 1260.418 ; gain = 0.000
---------------------------------------------------------------------------------
---------------------------------------------------------------------------------
Start Rebuilding User Hierarchy
---------------------------------------------------------------------------------
---------------------------------------------------------------------------------
Finished Rebuilding User Hierarchy : Time (s): cpu = 00:00:25 ; elapsed = 00:00:26 . Memory (MB): peak = 1260.418 ; gain = 0.000
---------------------------------------------------------------------------------
---------------------------------------------------------------------------------
Start Renaming Generated Ports
---------------------------------------------------------------------------------
---------------------------------------------------------------------------------
Finished Renaming Generated Ports : Time (s): cpu = 00:00:25 ; elapsed = 00:00:26 . Memory (MB): peak = 1260.418 ; gain = 0.000
---------------------------------------------------------------------------------
---------------------------------------------------------------------------------
Start Handling Custom Attributes
---------------------------------------------------------------------------------
---------------------------------------------------------------------------------
Finished Handling Custom Attributes : Time (s): cpu = 00:00:25 ; elapsed = 00:00:26 . Memory (MB): peak = 1260.418 ; gain = 0.000
---------------------------------------------------------------------------------
---------------------------------------------------------------------------------
Start Renaming Generated Nets
---------------------------------------------------------------------------------
---------------------------------------------------------------------------------
Finished Renaming Generated Nets : Time (s): cpu = 00:00:25 ; elapsed = 00:00:26 . Memory (MB): peak = 1260.418 ; gain = 0.000
---------------------------------------------------------------------------------
---------------------------------------------------------------------------------
Start Writing Synthesis Report
---------------------------------------------------------------------------------

Report BlackBoxes: 
+-+--------------+----------+
| |BlackBox name |Instances |
+-+--------------+----------+
+-+--------------+----------+

Report Cell Usage: 
+------+---------+------+
|      |Cell     |Count |
+------+---------+------+
|1     |BUFG     |     1|
|2     |CARRY4   |    36|
|3     |LUT1     |     1|
|4     |LUT2     |    12|
|5     |LUT3     |    12|
|6     |LUT4     |    30|
|7     |LUT5     |   152|
|8     |LUT6     |   260|
|9     |RAM32M   |    10|
|10    |RAM32X1D |     4|
|11    |RAM64X1S |    32|
|12    |FDCE     |    38|
|13    |IBUF     |     2|
|14    |OBUF     |   161|
+------+---------+------+

Report Instance Areas: 
+------+-------------+---------+------+
|      |Instance     |Module   |Cells |
+------+-------------+---------+------+
|1     |top          |         |   751|
|2     |  dmem       |dmem     |    32|
|3     |  mips       |mips     |   555|
|4     |    dp       |datapath |   555|
|5     |      alu    |alu      |    28|
|6     |      pcadd2 |adder    |     8|
|7     |      pcreg  |flopr    |   503|
|8     |      rf     |regfile  |    16|
+------+-------------+---------+------+
---------------------------------------------------------------------------------
Finished Writing Synthesis Report : Time (s): cpu = 00:00:25 ; elapsed = 00:00:26 . Memory (MB): peak = 1260.418 ; gain = 0.000
---------------------------------------------------------------------------------
Synthesis finished with 0 errors, 0 critical warnings and 38 warnings.
Synthesis Optimization Runtime : Time (s): cpu = 00:00:25 ; elapsed = 00:00:26 . Memory (MB): peak = 1260.418 ; gain = 0.000
Synthesis Optimization Complete : Time (s): cpu = 00:00:25 ; elapsed = 00:00:26 . Memory (MB): peak = 1260.418 ; gain = 0.000
INFO: [Project 1-571] Translating synthesized netlist
Netlist sorting complete. Time (s): cpu = 00:00:00 ; elapsed = 00:00:00.026 . Memory (MB): peak = 1260.418 ; gain = 0.000
INFO: [Netlist 29-17] Analyzing 82 Unisim elements for replacement
INFO: [Netlist 29-28] Unisim Transformation completed in 0 CPU seconds
INFO: [Project 1-570] Preparing netlist for logic optimization
INFO: [Opt 31-138] Pushed 0 inverter(s) to 0 load pin(s).
Netlist sorting complete. Time (s): cpu = 00:00:00 ; elapsed = 00:00:00 . Memory (MB): peak = 1260.418 ; gain = 0.000
INFO: [Project 1-111] Unisim Transformation Summary:
  A total of 46 instances were transformed.
  RAM32M => RAM32M (RAMD32(x6), RAMS32(x2)): 10 instances
  RAM32X1D => RAM32X1D (RAMD32(x2)): 4 instances
  RAM64X1S => RAM64X1S (RAMS64E): 32 instances

Synth Design complete, checksum: 8a2f4de6
INFO: [Common 17-83] Releasing license: Synthesis
47 Infos, 39 Warnings, 0 Critical Warnings and 0 Errors encountered.
synth_design completed successfully
synth_design: Time (s): cpu = 00:00:28 ; elapsed = 00:00:28 . Memory (MB): peak = 1260.418 ; gain = 0.000
INFO: [Common 17-1381] The checkpoint 'C:/Users/pine1/Desktop/CS224/Lab4/Lab4.runs/synth_1/top.dcp' has been generated.
INFO: [runtcl-4] Executing : report_utilization -file top_utilization_synth.rpt -pb top_utilization_synth.pb
INFO: [Common 17-206] Exiting Vivado at Tue Nov 15 20:28:40 2022...
